[16:21:15] [main/INFO] (Launcher) ModLauncher running: args [--launchTarget, forgeclientuserdev, --version, 21.1.62, --assetIndex, 1.21.1-17, --assetsDir, C:\Users\8sixik\.gradle\caches\fabric-loom\assets, --gameDir, ., --fml.neoForgeVersion, 21.1.62, --fml.fmlVersion, 4.0.24, --fml.mcVersion, 1.21.1, --fml.neoFormVersion, 20240808.144430]
[16:21:15] [main/INFO] (Launcher) JVM identified as Azul Systems, Inc. OpenJDK 64-Bit Server VM 21.0.3+9-LTS
[16:21:15] [main/INFO] (Launcher) ModLauncher 11.0.4+main.d2e20e43 starting: java version 21.0.3 by Azul Systems, Inc.; OS Windows 11 arch amd64 version 10.0
[16:21:16] [main/INFO] (ImmediateWindowHandler) Loading ImmediateWindowProvider fmlearlywindow
[16:21:16] [main/INFO] (EARLYDISPLAY) Trying GL version 4.6
[16:21:16] [main/INFO] (EARLYDISPLAY) Requested GL version 4.6 got version 4.6
[16:21:16] [main/INFO] (mixin) SpongePowered MIXIN Subsystem Version=0.8.7 Source=union:/C:/Users/8sixik/.gradle/caches/modules-2/files-2.1/net.fabricmc/sponge-mixin/0.15.2+mixin.0.8.7/2af2f021d8e02a0220dc27a7a72b4666d66d44ca/sponge-mixin-0.15.2+mixin.0.8.7.jar%23119!/ Service=ModLauncher Env=CLIENT
[16:21:16] [main/INFO] (ModDiscoverer) Found mod file "neoforge-21.1.62-minecraft-merged-1.21.1-loom.mappings.1_21_1.layered+hash.40545-v2-neoforge-21.1.62.jar" [locator: neoforge devenv provider ([C:\Users\8sixik\.gradle\caches\fabric-loom\minecraftMaven\net\minecraft\neoforge-21.1.62-minecraft-merged\1.21.1-loom.mappings.1_21_1.layered+hash.40545-v2-neoforge-21.1.62\neoforge-21.1.62-minecraft-merged-1.21.1-loom.mappings.1_21_1.layered+hash.40545-v2-neoforge-21.1.62.jar])]
[16:21:16] [main/INFO] (ModDiscoverer) Found mod file "neoforge-21.1.62-minecraft-merged-1.21.1-loom.mappings.1_21_1.layered+hash.40545-v2-neoforge-21.1.62.jar" [locator: neoforge devenv provider ([C:\Users\8sixik\.gradle\caches\fabric-loom\minecraftMaven\net\minecraft\neoforge-21.1.62-minecraft-merged\1.21.1-loom.mappings.1_21_1.layered+hash.40545-v2-neoforge-21.1.62\neoforge-21.1.62-minecraft-merged-1.21.1-loom.mappings.1_21_1.layered+hash.40545-v2-neoforge-21.1.62.jar])]
[16:21:16] [main/INFO] (ModDiscoverer) Found mod file "main" [locator: userdev mods and services, reader: mod manifest]
[16:21:16] [pool-5-thread-1/INFO] (EARLYDISPLAY) GL info: NVIDIA GeForce GTX 1060 6GB/PCIe/SSE2 GL version 4.6.0 NVIDIA 552.44, NVIDIA Corporation
[16:21:16] [main/INFO] (ModDiscoverer) Found mod file "neoforge-21.1.62-minecraft-merged-1.21.1-loom.mappings.1_21_1.layered+hash.40545-v2-neoforge-21.1.62.jar" [locator: userdev mods and services, reader: mod manifest]
[16:21:16] [main/INFO] (ModDiscoverer) Found mod file "architectury-neoforge-13.0.6.jar" [locator: userdev mods and services, reader: mod manifest]
[16:21:16] [main/INFO] (ModDiscoverer) Found mod file "ftb-library-forge-404465-5754910.jar" [locator: userdev mods and services, reader: mod manifest]
[16:21:16] [main/INFO] (ModDiscoverer) Found mod file "4852321475630446601.jar" [locator: userdev mods and services, reader: mod manifest]
[16:21:16] [main/INFO] (ModDiscoverer) Found gamelibrary file "mixinextras-neoforge-0.4.1.jar" [locator: userdev mods and services, reader: mod manifest]
[16:21:16] [main/WARN] (JarSelector) Attempted to select a dependency jar for JarJar which was passed in as source: mixinextras-neoforge-0.4.1.jar. Using Mod File: C:\Users\8sixik\.gradle\caches\modules-2\files-2.1\io.github.llamalad7\mixinextras-neoforge\0.4.1\eff97772ecd0dcf8e52cdbafd3b3ccec425f8314\mixinextras-neoforge-0.4.1.jar
[16:21:16] [main/INFO] (JarInJarDependencyLocator) Found 1 dependencies adding them to mods collection
[16:21:16] [main/INFO] (ModDiscoverer) Found library file "neoforge-coremods-21.1.62.jar" [parent: neoforge-21.1.62-minecraft-merged-1.21.1-loom.mappings.1_21_1.layered+hash.40545-v2-neoforge-21.1.62.jar, locator: jarinjar, reader: mod manifest]
[16:21:17] [main/INFO] (mixin) Compatibility level set to JAVA_21
[16:21:17] [main/INFO] (LaunchServiceHandler) Launching target 'forgeclientuserdev' with arguments [--version, 21.1.62, --gameDir, ., --assetsDir, C:\Users\8sixik\.gradle\caches\fabric-loom\assets, --assetIndex, 1.21.1-17]
[16:21:17] [main/INFO] (unprotect) Found 8254 Minecraft classes
[16:21:18] [main/INFO] (MixinExtras|Service) Initializing MixinExtras via com.llamalad7.mixinextras.service.MixinExtrasServiceImpl(version=0.4.1).
[02окт.2024 16:21:20.363] [Datafixer Bootstrap/INFO] [com.mojang.datafixers.DataFixerBuilder/]: 229 Datafixer optimizations took 537 milliseconds
[02окт.2024 16:21:26.634] [main/WARN] [net.minecraft.commands.Commands/]: Ambiguity between arguments [teleport, location] and [teleport, destination] with inputs: [0.1 -0.5 .9, 0 0 0]
[02окт.2024 16:21:26.636] [main/WARN] [net.minecraft.commands.Commands/]: Ambiguity between arguments [teleport, location] and [teleport, targets] with inputs: [0.1 -0.5 .9, 0 0 0]
[02окт.2024 16:21:26.638] [main/WARN] [net.minecraft.commands.Commands/]: Ambiguity between arguments [teleport, destination] and [teleport, targets] with inputs: [Player, 0123, @e, dd12be42-52a9-4a91-a8a1-11c01849e498]
[02окт.2024 16:21:26.641] [main/WARN] [net.minecraft.commands.Commands/]: Ambiguity between arguments [teleport, targets] and [teleport, destination] with inputs: [Player, 0123, dd12be42-52a9-4a91-a8a1-11c01849e498]
[02окт.2024 16:21:26.642] [main/WARN] [net.minecraft.commands.Commands/]: Ambiguity between arguments [teleport, targets, location] and [teleport, targets, destination] with inputs: [0.1 -0.5 .9, 0 0 0]
[02окт.2024 16:21:26.785] [Render thread/WARN] [net.minecraft.server.packs.VanillaPackResourcesBuilder/]: Assets URL 'union:/C:/Users/8sixik/.gradle/caches/fabric-loom/minecraftMaven/net/minecraft/neoforge-21.1.62-minecraft-merged/1.21.1-loom.mappings.1_21_1.layered+hash.40545-v2-neoforge-21.1.62/neoforge-21.1.62-minecraft-merged-1.21.1-loom.mappings.1_21_1.layered+hash.40545-v2-neoforge-21.1.62.jar%23191!/assets/.mcassetsroot' uses unexpected schema
[02окт.2024 16:21:26.785] [Render thread/WARN] [net.minecraft.server.packs.VanillaPackResourcesBuilder/]: Assets URL 'union:/C:/Users/8sixik/.gradle/caches/fabric-loom/minecraftMaven/net/minecraft/neoforge-21.1.62-minecraft-merged/1.21.1-loom.mappings.1_21_1.layered+hash.40545-v2-neoforge-21.1.62/neoforge-21.1.62-minecraft-merged-1.21.1-loom.mappings.1_21_1.layered+hash.40545-v2-neoforge-21.1.62.jar%23191!/data/.mcassetsroot' uses unexpected schema
[02окт.2024 16:21:26.819] [Render thread/INFO] [com.mojang.authlib.yggdrasil.YggdrasilAuthenticationService/]: Environment: Environment[sessionHost=https://sessionserver.mojang.com, servicesHost=https://api.minecraftservices.com, name=PROD]
[02окт.2024 16:21:26.828] [Render thread/INFO] [net.minecraft.client.Minecraft/]: Setting user: Dev
[02окт.2024 16:21:26.910] [Render thread/INFO] [net.minecraft.client.Minecraft/]: Backend library: LWJGL version 3.3.3+5
[02окт.2024 16:21:27.175] [modloading-worker-0/INFO] [net.neoforged.neoforge.common.NeoForgeMod/NEOFORGE-MOD]: NeoForge mod loading, version 21.1.62, for MC 1.21.1
[02окт.2024 16:21:28.222] [Render thread/INFO] [net.neoforged.neoforge.gametest.GameTestHooks/]: Enabled Gametest Namespaces: []
[02окт.2024 16:21:28.361] [Render thread/INFO] [net.minecraft.server.packs.resources.ReloadableResourceManager/]: Reloading ResourceManager: vanilla, mod_resources, mod/architectury, mod/ftblibrary, mod/generated_7fc0b77, mod/neoforge, mod/sdm_economy
[02окт.2024 16:21:28.578] [Worker-Main-13/INFO] [net.minecraft.client.gui.font.providers.UnihexProvider/]: Found unifont_jp_patch-15.1.05.hex, loading
[02окт.2024 16:21:28.578] [Worker-Main-11/INFO] [net.minecraft.client.gui.font.providers.UnihexProvider/]: Found unifont_all_no_pua-15.1.05.hex, loading
[02окт.2024 16:21:30.169] [Render thread/WARN] [net.minecraft.client.sounds.SoundEngine/]: Missing sound for event: minecraft:item.goat_horn.play
[02окт.2024 16:21:30.170] [Render thread/WARN] [net.minecraft.client.sounds.SoundEngine/]: Missing sound for event: minecraft:entity.goat.screaming.horn_break
[02окт.2024 16:21:30.213] [Render thread/INFO] [com.mojang.blaze3d.audio.Library/]: OpenAL initialized on device OpenAL Soft on Headset Earphone (HyperX 7.1 Audio)
[02окт.2024 16:21:30.214] [Render thread/INFO] [net.minecraft.client.sounds.SoundEngine/SOUNDS]: Sound engine started
[02окт.2024 16:21:30.313] [Render thread/INFO] [net.minecraft.client.renderer.texture.TextureAtlas/]: Created: 1024x512x4 minecraft:textures/atlas/blocks.png-atlas
[02окт.2024 16:21:30.325] [Render thread/INFO] [net.minecraft.client.renderer.texture.TextureAtlas/]: Created: 256x256x4 minecraft:textures/atlas/signs.png-atlas
[02окт.2024 16:21:30.325] [Render thread/INFO] [net.minecraft.client.renderer.texture.TextureAtlas/]: Created: 512x512x4 minecraft:textures/atlas/shield_patterns.png-atlas
[02окт.2024 16:21:30.326] [Render thread/INFO] [net.minecraft.client.renderer.texture.TextureAtlas/]: Created: 512x512x4 minecraft:textures/atlas/banner_patterns.png-atlas
[02окт.2024 16:21:30.327] [Render thread/INFO] [net.minecraft.client.renderer.texture.TextureAtlas/]: Created: 1024x1024x4 minecraft:textures/atlas/armor_trims.png-atlas
[02окт.2024 16:21:30.330] [Render thread/INFO] [net.minecraft.client.renderer.texture.TextureAtlas/]: Created: 128x64x4 minecraft:textures/atlas/decorated_pot.png-atlas
[02окт.2024 16:21:30.331] [Render thread/INFO] [net.minecraft.client.renderer.texture.TextureAtlas/]: Created: 256x256x4 minecraft:textures/atlas/chest.png-atlas
[02окт.2024 16:21:30.331] [Render thread/INFO] [net.minecraft.client.renderer.texture.TextureAtlas/]: Created: 512x256x4 minecraft:textures/atlas/beds.png-atlas
[02окт.2024 16:21:30.331] [Render thread/INFO] [net.minecraft.client.renderer.texture.TextureAtlas/]: Created: 512x256x4 minecraft:textures/atlas/shulker_boxes.png-atlas
[02окт.2024 16:21:30.529] [Render thread/INFO] [net.minecraft.client.renderer.texture.TextureAtlas/]: Created: 512x256x0 minecraft:textures/atlas/particles.png-atlas
[02окт.2024 16:21:30.531] [Render thread/INFO] [net.minecraft.client.renderer.texture.TextureAtlas/]: Created: 512x256x0 minecraft:textures/atlas/paintings.png-atlas
[02окт.2024 16:21:30.531] [Render thread/INFO] [net.minecraft.client.renderer.texture.TextureAtlas/]: Created: 256x128x0 minecraft:textures/atlas/mob_effects.png-atlas
[02окт.2024 16:21:30.531] [Render thread/INFO] [net.minecraft.client.renderer.texture.TextureAtlas/]: Created: 64x64x0 minecraft:textures/atlas/map_decorations.png-atlas
[02окт.2024 16:21:30.532] [Render thread/INFO] [net.minecraft.client.renderer.texture.TextureAtlas/]: Created: 1024x512x0 minecraft:textures/atlas/gui.png-atlas
[02окт.2024 16:21:30.562] [Render thread/WARN] [net.minecraft.client.renderer.ShaderInstance/]: Shader rendertype_entity_translucent_emissive could not find sampler named Sampler2 in the specified shader program.
[02окт.2024 16:21:30.637] [Render thread/INFO] [net.neoforged.neoforge.client.entity.animation.json.AnimationLoader/]: Loaded 0 entity animations
[02окт.2024 16:21:34.950] [Render thread/INFO] [net.minecraft.world.item.crafting.RecipeManager/]: Loaded 1290 recipes
[02окт.2024 16:21:35.213] [Render thread/INFO] [net.minecraft.advancements.AdvancementTree/]: Loaded 1399 advancements
[02окт.2024 16:21:35.818] [Server thread/INFO] [net.minecraft.client.server.IntegratedServer/]: Starting integrated minecraft server version 1.21.1
[02окт.2024 16:21:35.819] [Server thread/INFO] [net.minecraft.server.MinecraftServer/]: Generating keypair
[02окт.2024 16:21:36.099] [Server thread/INFO] [net.minecraft.server.MinecraftServer/]: Preparing start region for dimension minecraft:overworld
[02окт.2024 16:21:36.349] [progressListener/INFO] [net.minecraft.server.level.progress.LoggerChunkProgressListener/]: Preparing spawn area: 0%
[02окт.2024 16:21:36.445] [Server thread/INFO] [net.neoforged.neoforge.server.permission.PermissionAPI/]: Successfully initialized permission handler neoforge:default_handler
[02окт.2024 16:21:36.446] [progressListener/INFO] [net.minecraft.server.level.progress.LoggerChunkProgressListener/]: Time elapsed: 338 ms
[02окт.2024 16:21:36.562] [Server thread/INFO] [net.minecraft.client.server.IntegratedServer/]: Changing view distance to 12, from 10
[02окт.2024 16:21:36.562] [Server thread/INFO] [net.minecraft.client.server.IntegratedServer/]: Changing simulation distance to 12, from 0
[02окт.2024 16:21:37.334] [Server thread/INFO] [net.minecraft.server.players.PlayerList/]: Dev[local:E:5a70b32c] logged in with entity id 5 at (-9.5, -60.0, 2.5)
[02окт.2024 16:21:37.413] [Server thread/INFO] [net.minecraft.server.MinecraftServer/]: Dev joined the game
[02окт.2024 16:21:37.787] [Render thread/INFO] [net.minecraft.advancements.AdvancementTree/]: Loaded 2 advancements
